[2024-12-18 19:38:06] [INFO] - Login page accessed with IP: '::1'
[2024-12-18 19:38:11] [INFO] - Login page accessed with IP: '::1'
[2024-12-18 19:38:13] [INFO] - Login page accessed with IP: '::1'
[2024-12-18 19:38:13] [SUCCESS] - Login success USER: 'YURI' ACCESS LEVEL: '[Admin]' logged in with the IP: '::1'
[2024-12-18 19:38:20] [INFO] - Login page accessed with IP: '::1'
[2024-12-18 19:38:22] [INFO] - Login page accessed with IP: '::1'
[2024-12-18 19:38:22] [WARNING] - Login attempt, USER: 'ASD', PASSWORD: 'ASD', on IP: '::1'
[2024-12-18 19:38:51] [INFO] - Login page accessed with IP: '::1'
[2024-12-18 19:38:51] [WARNING] - Login attempt, USER: 'ASD', PASSWORD: 'ASD', on IP: '::1'
[2024-12-18 19:38:52] [INFO] - Login page accessed with IP: '::1'
[2024-12-18 19:38:52] [WARNING] - Login attempt, USER: 'ASD', PASSWORD: 'ASD', on IP: '::1'
[2024-12-18 19:39:08] [INFO] - Login page accessed with IP: '::1'
[2024-12-18 19:39:11] [INFO] - Login page accessed with IP: '::1'
[2024-12-18 19:39:12] [INFO] - Login page accessed with IP: '::1'
[2024-12-18 19:39:33] [INFO] - Login page accessed with IP: '::1'
[2024-12-18 19:39:43] [INFO] - Login page accessed with IP: '::1'
[2024-12-18 19:39:43] [INFO] - Login page accessed with IP: '::1'
[2024-12-18 19:39:44] [INFO] - Login page accessed with IP: '::1'
[2024-12-18 19:39:45] [INFO] - Login page accessed with IP: '::1'
[2024-12-18 19:39:53] [INFO] - Login page accessed with IP: '::1'
[2024-12-18 19:39:53] [SUCCESS] - Login success USER: 'yuri' ACCESS LEVEL: '[Admin]' logged in with the IP: '::1'
[2024-12-18 19:39:57] [INFO] - Login page accessed with IP: '::1'
[2024-12-18 19:39:58] [INFO] - Login page accessed with IP: '::1'
[2024-12-18 19:39:59] [INFO] - Login page accessed with IP: '::1'
[2024-12-18 19:40:03] [INFO] - Login page accessed with IP: '::1'
[2024-12-18 19:40:03] [SUCCESS] - Login success USER: 'yuri' ACCESS LEVEL: '[Admin]' logged in with the IP: '::1'
[2024-12-18 19:40:33] [INFO] - Login page accessed with IP: '::1'
[2024-12-18 19:40:36] [INFO] - Login page accessed with IP: '::1'
[2024-12-18 19:40:42] [INFO] - Login page accessed with IP: '::1'
[2024-12-18 19:40:42] [SUCCESS] - Login success USER: 'yuri' ACCESS LEVEL: '[Admin]' logged in with the IP: '::1'
[2024-12-18 20:46:31] [INFO] - Login page accessed with IP: '::1'
[2024-12-18 20:46:53] [INFO] - Login page accessed with IP: '::1'
[2024-12-18 20:46:53] [SUCCESS] - Login success USER: 'yuri' ACCESS LEVEL: '[Helper]' logged in with the IP: '::1'
[2024-12-18 20:46:58] [INFO] - Login page accessed with IP: '::1'
[2024-12-18 20:47:17] [INFO] - Login page accessed with IP: '::1'
[2024-12-18 20:47:17] [SUCCESS] - Login success USER: 'yuri' ACCESS LEVEL: '[Moderator]' logged in with the IP: '::1'
[2024-12-18 20:59:35] [INFO] - Login page accessed with IP: '::1'
[2024-12-18 20:59:47] [INFO] - Login page accessed with IP: '::1'
[2024-12-18 20:59:47] [SUCCESS] - Login success USER: 'yuri' ACCESS LEVEL: '[Moderator]' logged in with the IP: '::1'
[2024-12-18 20:59:52] [INFO] - Login page accessed with IP: '::1'
[2024-12-18 21:02:08] [INFO] - Login page accessed with IP: '::1'
[2024-12-18 21:02:08] [SUCCESS] - Login success USER: 'caio' ACCESS LEVEL: '[Viewer]' logged in with the IP: '::1'
[2024-12-18 21:02:21] [INFO] - Login page accessed with IP: '::1'
[2024-12-18 21:02:22] [INFO] - Login page accessed with IP: '::1'
[2024-12-18 21:02:25] [INFO] - Login page accessed with IP: '::1'
[2024-12-18 21:02:25] [SUCCESS] - Login success USER: 'caio' ACCESS LEVEL: '[Viewer]' logged in with the IP: '::1'
[2024-12-18 21:02:52] [INFO] - Login page accessed with IP: '::1'
[2024-12-18 21:02:54] [INFO] - Login page accessed with IP: '::1'
[2024-12-18 21:02:54] [SUCCESS] - Login success USER: 'yuri' ACCESS LEVEL: '[Admin]' logged in with the IP: '::1'
[2024-12-18 21:26:05] [INFO] - Login page accessed with IP: '::1'
[2024-12-18 21:26:08] [INFO] - Login page accessed with IP: '::1'
[2024-12-18 21:26:08] [SUCCESS] - Login success USER: 'yuri' ACCESS LEVEL: '[Admin]' logged in with the IP: '::1'
[2024-12-18 22:01:20] [INFO] - Login page accessed with IP: '::1'
[2024-12-18 22:08:24] [INFO] - Login page accessed with IP: '::1'
[2024-12-18 22:08:27] [INFO] - Login page accessed with IP: '::1'
[2024-12-18 22:08:27] [SUCCESS] - Login success USER: 'caio' ACCESS LEVEL: '[Viewer]' logged in with the IP: '::1'
[2024-12-18 22:15:58] [INFO] - Login page accessed with IP: '::1'
[2024-12-18 22:16:00] [INFO] - Login page accessed with IP: '::1'
[2024-12-18 22:16:00] [SUCCESS] - Login success USER: 'yuri' ACCESS LEVEL: '[Admin]' logged in with the IP: '::1'
[2024-12-18 22:16:03] [INFO] - Login page accessed with IP: '::1'
[2024-12-18 22:16:06] [INFO] - Login page accessed with IP: '::1'
[2024-12-18 22:16:06] [SUCCESS] - Login success USER: 'caio' ACCESS LEVEL: '[Viewer]' logged in with the IP: '::1'
[2024-12-18 22:20:56] [INFO] - Login page accessed with IP: '::1'
[2024-12-18 22:20:59] [INFO] - Login page accessed with IP: '::1'
[2024-12-18 22:20:59] [SUCCESS] - Login success USER: 'yuri' ACCESS LEVEL: '[Admin]' logged in with the IP: '::1'
[2024-12-18 22:21:00] [INFO] - Login page accessed with IP: '::1'
[2024-12-18 22:21:04] [INFO] - Login page accessed with IP: '::1'
[2024-12-18 22:21:04] [SUCCESS] - Login success USER: 'yuri' ACCESS LEVEL: '[Admin]' logged in with the IP: '::1'
[2024-12-18 22:21:05] [INFO] - Login page accessed with IP: '::1'
[2024-12-18 22:21:09] [INFO] - Login page accessed with IP: '::1'
[2024-12-18 22:21:09] [SUCCESS] - Login success USER: 'caio' ACCESS LEVEL: '[Viewer]' logged in with the IP: '::1'
[2024-12-18 22:48:28] [INFO] - Login page accessed with IP: '::1'
[2024-12-18 22:48:31] [INFO] - Login page accessed with IP: '::1'
[2024-12-18 22:48:31] [SUCCESS] - Login success USER: 'yuri' ACCESS LEVEL: '[Admin]' logged in with the IP: '::1'
[2024-12-18 23:00:54] [INFO] - Login page accessed with IP: '::1'
[2024-12-18 23:01:01] [INFO] - Login page accessed with IP: '::1'
[2024-12-18 23:01:01] [SUCCESS] - Login success USER: 'yuri' ACCESS LEVEL: '[Admin]' logged in with the IP: '::1'
[2024-12-18 23:01:17] [INFO] - Login page accessed with IP: '::1'
[2024-12-18 23:01:20] [INFO] - Login page accessed with IP: '::1'
[2024-12-18 23:01:20] [WARNING] - Login attempt, USER: 'caio', PASSWORD: '123', on IP: '::1'
[2024-12-18 23:01:42] [INFO] - Login page accessed with IP: '::1'
[2024-12-18 23:01:42] [SUCCESS] - Login success USER: 'caio' ACCESS LEVEL: '[Viewer]' logged in with the IP: '::1'
